0 info it worked if it ends with ok
1 verbose cli [ 'D:\\Program Files\\nodejs\\node.exe',
1 verbose cli   'C:\\Users\\dell\\AppData\\Roaming\\npm\\node_modules\\cnpm\\node_modules\\npm\\bin\\npm-cli.js',
1 verbose cli   '--userconfig=C:\\Users\\dell\\.cnpmrc',
1 verbose cli   '--disturl=https://npm.taobao.org/mirrors/node',
1 verbose cli   '--registry=https://registry.npm.taobao.org',
1 verbose cli   'start' ]
2 info using npm@3.10.10
3 info using node@v4.4.1
4 verbose run-script [ 'prestart', 'start', 'poststart' ]
5 info lifecycle flagsharing@0.2.0~prestart: flagsharing@0.2.0
6 silly lifecycle flagsharing@0.2.0~prestart: no script for prestart, continuing
7 info lifecycle flagsharing@0.2.0~start: flagsharing@0.2.0
8 verbose lifecycle flagsharing@0.2.0~start: unsafe-perm in lifecycle true
9 verbose lifecycle flagsharing@0.2.0~start: PATH: C:\Users\dell\AppData\Roaming\npm\node_modules\cnpm\node_modules\npm\bin\node-gyp-bin;C:\Users\dell\.ssh\flagsharing\node_modules\.bin;D:\Program Files\cmder\bin;C:\Program Files\Git\bin;C:\Program Files\Git\usr\bin;C:\Program Files\Git\share\vim\vim74;D:\Program Files\cmder\vendor\conemu-maximus5\ConEmu\Scripts;D:\Program Files\cmder\vendor\conemu-maximus5;D:\Program Files\cmder\vendor\conemu-maximus5\ConEmu;C:\Python27\Lib\site-packages\PyQt4;C:\ProgramData\Oracle\Java\javapath;C:\Program Files\Dell\DW WLAN Card;C:\Perl64\site\bin;C:\Perl64\bin;C:\Program Files (x86)\Common Files\Intel\Shared Files\cpp\bin\Intel64;C:\Windows\system32;C:\Windows;C:\Windows\System32\Wbem;C:\Windows\System32\WindowsPowerShell\v1.0\;C:\Program Files\WIDCOMM\Bluetooth Software\;C:\Program Files\WIDCOMM\Bluetooth Software\syswow64;C:\Program Files (x86)\NVIDIA Corporation\PhysX\Common;D:\Program Files (x86)\QuickTime\QTSystem\;D:\Program Files\TortoiseSVN\bin;C:\WINDOWS\system32;C:\WINDOWS;C:\WINDOWS\System32\Wbem;C:\WINDOWS\System32\WindowsPowerShell\v1.0\;C:\Python34;C:\Python27;C:\Perl64;C:\Program Files\Java\jdk1.8.0_60\bin;D:\Program Files (x86)\Sublime text2\Sublime2\Sublime2\Sublime;C:\Users\dell\AppData\Local\Google\Chrome\Application;C:\mingw;C:\Python27\Scripts;C:\Ruby22-x64;C:\PHP;C:\curl-7.33.0-win64-ssl-sspi;C:\Program Files (x86)\MySQL\MySQL Server 5.7\bin;D:\Program Files (x86)\MySQL\MySQL Server 5.7\bin;C:\sqlite3;C:\Apache24\bin;C:\gunwin32\GetGnuWin32\bin;D:\Program Files (x86)\Tesseract-OCR;C:\Users\dell\.ssh\Python_Lib\project;C:\MinGW\bin;D:\Program Files\cmder\bin;D:\Program Files\cmder;C:\Go\bin;C:\Program Files (x86)\Google\Chrome\Application;D:\Program Files\nodejs\;D:\Program Files\VMare\OVFTool;C:\Program Files (x86)\IDM Computer Solutions\UltraCompare;C:\Python34\Scripts;D:\Program Files (x86)\Mozilla Firefox;D:\Program Files (x86)\Heroku\bin;C:\Program Files (x86)\git\cmd;C:\Ruby22-x64\bin;D:\Program Files (x86)\Nmap;C:\Users\dell\AppData\Roaming\npm;C:\Program Files (x86)\IDM Computer Solutions\UltraEdit\;%USERPROFILE%\AppData\Local\Microsoft\WindowsApps;;D:\Program Files\cmder
10 verbose lifecycle flagsharing@0.2.0~start: CWD: C:\Users\dell\.ssh\flagsharing
11 silly lifecycle flagsharing@0.2.0~start: Args: [ '/d /s /c', 'node ./bin/www' ]
12 silly lifecycle flagsharing@0.2.0~start: Returned: code: 1  signal: null
13 info lifecycle flagsharing@0.2.0~start: Failed to exec start script
14 verbose stack Error: flagsharing@0.2.0 start: `node ./bin/www`
14 verbose stack Exit status 1
14 verbose stack     at EventEmitter.<anonymous> (C:\Users\dell\AppData\Roaming\npm\node_modules\cnpm\node_modules\npm\lib\utils\lifecycle.js:255:16)
14 verbose stack     at emitTwo (events.js:87:13)
14 verbose stack     at EventEmitter.emit (events.js:172:7)
14 verbose stack     at ChildProcess.<anonymous> (C:\Users\dell\AppData\Roaming\npm\node_modules\cnpm\node_modules\npm\lib\utils\spawn.js:40:14)
14 verbose stack     at emitTwo (events.js:87:13)
14 verbose stack     at ChildProcess.emit (events.js:172:7)
14 verbose stack     at maybeClose (internal/child_process.js:827:16)
14 verbose stack     at Process.ChildProcess._handle.onexit (internal/child_process.js:211:5)
15 verbose pkgid flagsharing@0.2.0
16 verbose cwd C:\Users\dell\.ssh\flagsharing
17 error Windows_NT 10.0.14393
18 error argv "D:\\Program Files\\nodejs\\node.exe" "C:\\Users\\dell\\AppData\\Roaming\\npm\\node_modules\\cnpm\\node_modules\\npm\\bin\\npm-cli.js" "--userconfig=C:\\Users\\dell\\.cnpmrc" "--disturl=https://npm.taobao.org/mirrors/node" "--registry=https://registry.npm.taobao.org" "start"
19 error node v4.4.1
20 error npm  v3.10.10
21 error code ELIFECYCLE
22 error flagsharing@0.2.0 start: `node ./bin/www`
22 error Exit status 1
23 error Failed at the flagsharing@0.2.0 start script 'node ./bin/www'.
23 error Make sure you have the latest version of node.js and npm installed.
23 error If you do, this is most likely a problem with the flagsharing package,
23 error not with npm itself.
23 error Tell the author that this fails on your system:
23 error     node ./bin/www
23 error You can get information on how to open an issue for this project with:
23 error     npm bugs flagsharing
23 error Or if that isn't available, you can get their info via:
23 error     npm owner ls flagsharing
23 error There is likely additional logging output above.
24 verbose exit [ 1, true ]
